<?xml version="1.0" encoding="UTF-8"?>
<!-- Generated by org.testng.reporters.JUnitReportReporter -->
<testsuite hostname="Shri" failures="0" tests="1" name="com.Test.APITestCase" time="1.864" errors="0" timestamp="2024-06-21T14:16:39 IST" skipped="0">
  <testcase classname="com.Test.APITestCase" name="verifyAPIPostMethod" time="1.864"/>
</testsuite> <!-- com.Test.APITestCase -->
