<?xml version="1.0" encoding="UTF-8"?>
<!-- Generated by org.testng.reporters.JUnitReportReporter -->
<testsuite hostname="Shri" failures="0" tests="1" name="com.Test.GoRest" time="1.934" errors="0" timestamp="2024-06-21T15:27:19 IST" skipped="0">
  <testcase classname="com.Test.GoRest" name="postOperationGoRest" time="1.934"/>
</testsuite> <!-- com.Test.GoRest -->
