<?xml version="1.0" encoding="UTF-8"?>
<!-- Generated by org.testng.reporters.JUnitReportReporter -->
<testsuite hostname="Shri" failures="0" tests="1" name="com.Test.GoRestPutOperation" time="1.906" errors="0" timestamp="2024-06-21T15:39:19 IST" skipped="0">
  <testcase classname="com.Test.GoRestPutOperation" name="putOperation" time="1.906"/>
</testsuite> <!-- com.Test.GoRestPutOperation -->
